<?xml version="1.0" encoding="UTF-8"?>
<!-- Generated by org.testng.reporters.JUnitReportReporter -->
<testsuite skipped="0" hostname="yasirzaya" name="ant.testng.ClassTwo" tests="1" failures="0" timestamp="25 May 2019 14:41:48 GMT" time="36.294" errors="0">
  <testcase name="twoTest" time="36.294" classname="ant.testng.ClassTwo"/>
</testsuite> <!-- ant.testng.ClassTwo -->
