<?xml version="1.0" encoding="UTF-8"?>
<!-- Generated by org.testng.reporters.JUnitReportReporter -->
<testsuite skipped="1" hostname="yasirzaya" name="ant.testng.ClassThree" tests="1" failures="0" timestamp="19 May 2019 10:59:35 GMT" time="0.000" errors="0">
  <testcase name="threeTest" time="0.000" classname="ant.testng.ClassThree">
    <skipped/>
  </testcase> <!-- threeTest -->
</testsuite> <!-- ant.testng.ClassThree -->
