<?xml version="1.0" encoding="UTF-8"?>
<!-- Generated by org.testng.reporters.JUnitReportReporter -->
<testsuite skipped="0" hostname="yasirzaya" name="ant.testng.ClassOne" tests="1" failures="0" timestamp="19 May 2019 10:59:35 GMT" time="30.518" errors="0">
  <testcase name="oneTest" time="30.518" classname="ant.testng.ClassOne"/>
</testsuite> <!-- ant.testng.ClassOne -->
