<?xml version="1.0" encoding="UTF-8"?>
<!-- Generated by org.testng.reporters.JUnitReportReporter -->
<testsuite skipped="0" hostname="yasirzaya" name="ant.testng.ClassOne" tests="1" failures="0" timestamp="25 May 2019 14:41:48 GMT" time="17.493" errors="0">
  <testcase name="oneTest" time="17.493" classname="ant.testng.ClassOne"/>
</testsuite> <!-- ant.testng.ClassOne -->
