<?xml version="1.0" encoding="UTF-8"?>
<!-- Generated by org.testng.reporters.JUnitReportReporter -->
<testsuite skipped="0" hostname="yasirzaya" name="ant.testng.ClassTwo" tests="1" failures="0" timestamp="19 May 2019 10:59:35 GMT" time="42.153" errors="0">
  <testcase name="twoTest" time="42.153" classname="ant.testng.ClassTwo"/>
</testsuite> <!-- ant.testng.ClassTwo -->
