<?xml version="1.0" encoding="UTF-8"?>
<!-- Generated by org.testng.reporters.JUnitReportReporter -->
<testsuite skipped="0" hostname="yasirzaya" name="ant.testng.ClassFour" tests="1" failures="0" timestamp="25 May 2019 14:41:48 GMT" time="11.907" errors="0">
  <testcase name="fourTest" time="11.907" classname="ant.testng.ClassFour"/>
</testsuite> <!-- ant.testng.ClassFour -->
