<?xml version="1.0" encoding="UTF-8"?>
<!-- Generated by org.testng.reporters.JUnitReportReporter -->
<testsuite skipped="0" hostname="yasirzaya" name="ant.testng.ClassThree" tests="1" failures="0" timestamp="25 May 2019 12:57:14 GMT" time="22.269" errors="0">
  <testcase name="threeTest" time="22.269" classname="ant.testng.ClassThree"/>
</testsuite> <!-- ant.testng.ClassThree -->
