<?xml version="1.0" encoding="UTF-8"?>
<!-- Generated by org.testng.reporters.JUnitReportReporter -->
<testsuite skipped="0" hostname="yasirzaya" name="ant.testng.ClassOne" tests="1" failures="0" timestamp="29 Apr 2019 05:34:20 GMT" time="0.015" errors="0">
  <testcase name="oneTest" time="0.015" classname="ant.testng.ClassOne"/>
</testsuite> <!-- ant.testng.ClassOne -->
