<?xml version="1.0" encoding="UTF-8"?>
<!-- Generated by org.testng.reporters.JUnitReportReporter -->
<testsuite skipped="0" hostname="yasirzaya" name="ant.testng.ClassThree" tests="1" failures="0" timestamp="29 Apr 2019 05:34:20 GMT" time="0.000" errors="0">
  <testcase name="threeTest" time="0.000" classname="ant.testng.ClassThree"/>
</testsuite> <!-- ant.testng.ClassThree -->
