<?xml version="1.0" encoding="UTF-8"?>
<!-- Generated by org.testng.reporters.JUnitReportReporter -->
<testsuite skipped="0" hostname="yasirzaya" name="ant.testng.ClassTwo" tests="1" failures="0" timestamp="29 Apr 2019 05:34:20 GMT" time="0.016" errors="0">
  <testcase name="twoTest" time="0.016" classname="ant.testng.ClassTwo"/>
</testsuite> <!-- ant.testng.ClassTwo -->
